0 info it worked if it ends with ok
1 verbose cli [ 'nodejs', '/usr/bin/npm', 'publish' ]
2 info using npm@1.2.14
3 info using node@v0.8.22
4 verbose publish [ '.' ]
5 verbose read json /home/xananax/www/thick/node_modules/thick/package.json
6 verbose cache add [ '.', null ]
7 verbose cache add name=undefined spec="." args=[".",null]
8 verbose parsed url { pathname: '.', path: '.', href: '.' }
9 silly lockFile 3a52ce78- .
10 verbose lock . /home/xananax/.npm/3a52ce78-.lock
11 verbose read json package.json
12 verbose tar pack [ '/home/xananax/tmp/npm-13065/1363539609040-0.9186721476726234/tmp.tgz',
12 verbose tar pack   '.' ]
13 verbose tarball /home/xananax/tmp/npm-13065/1363539609040-0.9186721476726234/tmp.tgz
14 verbose folder .
15 info prepublish thick@0.0.3
16 silly lockFile 3a52ce78- .
17 verbose lock . /home/xananax/.npm/3a52ce78-.lock
18 silly lockFile 36c9baa2-09040-0-9186721476726234-tmp-tgz /home/xananax/tmp/npm-13065/1363539609040-0.9186721476726234/tmp.tgz
19 verbose lock /home/xananax/tmp/npm-13065/1363539609040-0.9186721476726234/tmp.tgz /home/xananax/.npm/36c9baa2-09040-0-9186721476726234-tmp-tgz.lock
20 silly lockFile 3a52ce78- .
21 silly lockFile 3a52ce78- .
22 silly lockFile 36c9baa2-09040-0-9186721476726234-tmp-tgz /home/xananax/tmp/npm-13065/1363539609040-0.9186721476726234/tmp.tgz
23 silly lockFile 36c9baa2-09040-0-9186721476726234-tmp-tgz /home/xananax/tmp/npm-13065/1363539609040-0.9186721476726234/tmp.tgz
24 verbose tar unpack /home/xananax/tmp/npm-13065/1363539609040-0.9186721476726234/tmp.tgz
25 silly lockFile cc665708-09040-0-9186721476726234-package /home/xananax/tmp/npm-13065/1363539609040-0.9186721476726234/package
26 verbose lock /home/xananax/tmp/npm-13065/1363539609040-0.9186721476726234/package /home/xananax/.npm/cc665708-09040-0-9186721476726234-package.lock
27 silly lockFile 36c9baa2-09040-0-9186721476726234-tmp-tgz /home/xananax/tmp/npm-13065/1363539609040-0.9186721476726234/tmp.tgz
28 verbose lock /home/xananax/tmp/npm-13065/1363539609040-0.9186721476726234/tmp.tgz /home/xananax/.npm/36c9baa2-09040-0-9186721476726234-tmp-tgz.lock
29 silly gunzTarPerm modes [ '755', '644' ]
30 silly gunzTarPerm extractEntry package.json
31 silly gunzTarPerm modified mode [ 'package.json', 436, 420 ]
32 silly gunzTarPerm extractEntry .npmignore
33 silly gunzTarPerm modified mode [ '.npmignore', 436, 420 ]
34 silly gunzTarPerm extractEntry README.md
35 silly gunzTarPerm modified mode [ 'README.md', 436, 420 ]
36 silly gunzTarPerm extractEntry index.js
37 silly gunzTarPerm modified mode [ 'index.js', 436, 420 ]
38 silly gunzTarPerm extractEntry lib/config.js
39 silly gunzTarPerm modified mode [ 'lib/config.js', 436, 420 ]
40 silly gunzTarPerm extractEntry lib/thick.js
41 silly gunzTarPerm modified mode [ 'lib/thick.js', 436, 420 ]
42 silly gunzTarPerm extractEntry lib/compilers/coffeescript.js
43 silly gunzTarPerm modified mode [ 'lib/compilers/coffeescript.js', 436, 420 ]
44 silly gunzTarPerm extractEntry lib/compilers/jade.js
45 silly gunzTarPerm modified mode [ 'lib/compilers/jade.js', 436, 420 ]
46 silly gunzTarPerm extractEntry lib/compilers/handlebars.js
47 silly gunzTarPerm modified mode [ 'lib/compilers/handlebars.js', 436, 420 ]
48 silly gunzTarPerm extractEntry lib/compilers/stylus.js
49 silly gunzTarPerm modified mode [ 'lib/compilers/stylus.js', 436, 420 ]
50 silly gunzTarPerm extractEntry lib/compilers/less.js
51 silly gunzTarPerm modified mode [ 'lib/compilers/less.js', 436, 420 ]
52 silly gunzTarPerm extractEntry bin/thick
53 silly gunzTarPerm modified mode [ 'bin/thick', 509, 493 ]
54 verbose read json /home/xananax/tmp/npm-13065/1363539609040-0.9186721476726234/package/package.json
55 silly lockFile cc665708-09040-0-9186721476726234-package /home/xananax/tmp/npm-13065/1363539609040-0.9186721476726234/package
56 silly lockFile cc665708-09040-0-9186721476726234-package /home/xananax/tmp/npm-13065/1363539609040-0.9186721476726234/package
57 silly lockFile 36c9baa2-09040-0-9186721476726234-tmp-tgz /home/xananax/tmp/npm-13065/1363539609040-0.9186721476726234/tmp.tgz
58 silly lockFile 36c9baa2-09040-0-9186721476726234-tmp-tgz /home/xananax/tmp/npm-13065/1363539609040-0.9186721476726234/tmp.tgz
59 verbose from cache /home/xananax/tmp/npm-13065/1363539609040-0.9186721476726234/package/package.json
60 verbose tar pack [ '/home/xananax/.npm/thick/0.0.3/package.tgz',
60 verbose tar pack   '/home/xananax/tmp/npm-13065/1363539609040-0.9186721476726234/package' ]
61 verbose tarball /home/xananax/.npm/thick/0.0.3/package.tgz
62 verbose folder /home/xananax/tmp/npm-13065/1363539609040-0.9186721476726234/package
63 silly lockFile cc665708-09040-0-9186721476726234-package /home/xananax/tmp/npm-13065/1363539609040-0.9186721476726234/package
64 verbose lock /home/xananax/tmp/npm-13065/1363539609040-0.9186721476726234/package /home/xananax/.npm/cc665708-09040-0-9186721476726234-package.lock
65 silly lockFile 10a3d34c-anax-npm-thick-0-0-3-package-tgz /home/xananax/.npm/thick/0.0.3/package.tgz
66 verbose lock /home/xananax/.npm/thick/0.0.3/package.tgz /home/xananax/.npm/10a3d34c-anax-npm-thick-0-0-3-package-tgz.lock
67 silly lockFile cc665708-09040-0-9186721476726234-package /home/xananax/tmp/npm-13065/1363539609040-0.9186721476726234/package
68 silly lockFile cc665708-09040-0-9186721476726234-package /home/xananax/tmp/npm-13065/1363539609040-0.9186721476726234/package
69 silly lockFile 10a3d34c-anax-npm-thick-0-0-3-package-tgz /home/xananax/.npm/thick/0.0.3/package.tgz
70 silly lockFile 10a3d34c-anax-npm-thick-0-0-3-package-tgz /home/xananax/.npm/thick/0.0.3/package.tgz
71 silly lockFile c8a3a44c--xananax-npm-thick-0-0-3-package /home/xananax/.npm/thick/0.0.3/package
72 verbose lock /home/xananax/.npm/thick/0.0.3/package /home/xananax/.npm/c8a3a44c--xananax-npm-thick-0-0-3-package.lock
73 silly lockFile c8a3a44c--xananax-npm-thick-0-0-3-package /home/xananax/.npm/thick/0.0.3/package
74 silly lockFile c8a3a44c--xananax-npm-thick-0-0-3-package /home/xananax/.npm/thick/0.0.3/package
75 verbose tar unpack /home/xananax/.npm/thick/0.0.3/package.tgz
76 silly lockFile c8a3a44c--xananax-npm-thick-0-0-3-package /home/xananax/.npm/thick/0.0.3/package
77 verbose lock /home/xananax/.npm/thick/0.0.3/package /home/xananax/.npm/c8a3a44c--xananax-npm-thick-0-0-3-package.lock
78 silly lockFile 10a3d34c-anax-npm-thick-0-0-3-package-tgz /home/xananax/.npm/thick/0.0.3/package.tgz
79 verbose lock /home/xananax/.npm/thick/0.0.3/package.tgz /home/xananax/.npm/10a3d34c-anax-npm-thick-0-0-3-package-tgz.lock
80 silly gunzTarPerm modes [ '755', '644' ]
81 silly gunzTarPerm extractEntry package.json
82 silly gunzTarPerm extractEntry .npmignore
83 silly gunzTarPerm extractEntry README.md
84 silly gunzTarPerm extractEntry index.js
85 silly gunzTarPerm extractEntry lib/config.js
86 silly gunzTarPerm extractEntry lib/thick.js
87 silly gunzTarPerm extractEntry lib/compilers/coffeescript.js
88 silly gunzTarPerm extractEntry lib/compilers/jade.js
89 silly gunzTarPerm extractEntry lib/compilers/handlebars.js
90 silly gunzTarPerm extractEntry lib/compilers/stylus.js
91 silly gunzTarPerm extractEntry lib/compilers/less.js
92 silly gunzTarPerm extractEntry bin/thick
93 verbose read json /home/xananax/.npm/thick/0.0.3/package/package.json
94 silly lockFile c8a3a44c--xananax-npm-thick-0-0-3-package /home/xananax/.npm/thick/0.0.3/package
95 silly lockFile c8a3a44c--xananax-npm-thick-0-0-3-package /home/xananax/.npm/thick/0.0.3/package
96 silly lockFile 10a3d34c-anax-npm-thick-0-0-3-package-tgz /home/xananax/.npm/thick/0.0.3/package.tgz
97 silly lockFile 10a3d34c-anax-npm-thick-0-0-3-package-tgz /home/xananax/.npm/thick/0.0.3/package.tgz
98 silly shasum updated bytes 5917
99 info shasum 35fa8b7eb6bc17d29b6078be0cc3a765e0437b46
99 info shasum /home/xananax/.npm/thick/0.0.3/package.tgz
100 verbose from cache /home/xananax/.npm/thick/0.0.3/package/package.json
101 verbose chmod /home/xananax/.npm/thick/0.0.3/package.tgz 644
102 verbose chown /home/xananax/.npm/thick/0.0.3/package.tgz [ 1000, 1000 ]
103 silly lockFile 3a52ce78- .
104 silly publish { name: 'thick',
104 silly publish   version: '0.0.3',
104 silly publish   description: 'Framework for producing one-page client websites (no server)',
104 silly publish   main: 'index.js',
104 silly publish   dependencies:
104 silly publish    { jade: '~0.28.2',
104 silly publish      minimatch: '~0.2.11',
104 silly publish      lodash: '~1.0.1',
104 silly publish      commander: '~1.1.1',
104 silly publish      mkdirp: '~0.3.5',
104 silly publish      sass: '~0.5.0',
104 silly publish      handlebars: '~1.0.10',
104 silly publish      walk: '~2.2.1',
104 silly publish      'node-watch': '~0.3.0',
104 silly publish      stylus: '~0.32.0',
104 silly publish      less: '~1.3.3' },
104 silly publish   devDependencies: {},
104 silly publish   scripts: { test: 'echo "Error: no test specified" && exit 1' },
104 silly publish   repository: { type: 'git', url: 'git://github.com/yelo-npm/thick.git' },
104 silly publish   bin: { thick: './bin/thick' },
104 silly publish   keywords: [ 'static', 'jade', 'stylus', 'handlebars', 'compiler' ],
104 silly publish   author: { name: 'xananax@yelostudio.com' },
104 silly publish   license: 'BSD',
104 silly publish   readmeFilename: 'README.md',
104 silly publish   gitHead: 'dc27e63374b73ceb462dec5b239f4a4de53b3b9e',
104 silly publish   readme: '### thick\n\nA static file compiler for super-thick clients that do not care about server-side stuff\n\nCurrently compiles\n\n\t- jade\n\t- handlebars\n\t- less\n\t- stylus\n\nPlans to support as much as possible from the node ecosystem\n\n## Installation\n\n``````\nnpm install -g thick\n``````\nor in your local directory (be sure to add node_modules/.bin to your $PATH)\n\n``````\nnpm install thick\n``````\n\n\n## Usage\n\n``````\n$ mkdir project\n$ cd project\n$ mkdir site\n$ echo \'div.test\' > ./site/index.jade\n$ thick\n\n``````\n\n Server will be listening for changes and compiling on the fly (on port 8888 by default).  \n Navigate with your browser to http://localhost:8888/ and see the rendered index.html  \n\n You can build all your files by running\n\n``````\n$ thick -b\n``````\n\n Other options below:\n\n``````\n  Usage: thick [options] [dir]\n\n  Options:\n\n    -h, --help           output usage information\n    -V, --version        output the version number\n    -o, --out <dir>      output of the compiled files [./out]\n    -d, --dev <boolean>  dev mode (debug & log) [true] \n    -c, --config <file>  specifies a config file to use [./thick.js]\n    -p, --port <port>    specify test server port [8125]\n    -w, --write          compile files to out directory [false]\n    -b, --build          compiles all files to out dir before anything [false]\n    -e, --exit           exits right after building (no server) [false]\n\nuse thick to serve jade,less, and other template files and compile them on the fly\nyou can pass more options by creating a local ./thick.js file\nconfig options are overwritten by command-line options\n\n  Examples:\n\n    # create test server and begin watching local dir for changes\n    $ thick ./\n    (note that you do not have to specify the local directoy)\n\n    # write files in ./out on change (directory must exist)\n    $ thick -o ./out -c ./\n\n    # compile all files in ./out and exit\n    $ thick -o ./out -be\n\n``````\n\n## License\n\nBSD',
104 silly publish   _id: 'thick@0.0.3',
104 silly publish   dist: { shasum: '35fa8b7eb6bc17d29b6078be0cc3a765e0437b46' },
104 silly publish   _from: '.' }
105 verbose url raw thick
106 verbose url resolving [ 'https://registry.npmjs.org/', './thick' ]
107 verbose url resolved https://registry.npmjs.org/thick
108 info trying registry request attempt 1 at 19:00:20
109 http PUT https://registry.npmjs.org/thick
110 http 409 https://registry.npmjs.org/thick
111 verbose url raw thick
112 verbose url resolving [ 'https://registry.npmjs.org/', './thick' ]
113 verbose url resolved https://registry.npmjs.org/thick
114 info trying registry request attempt 1 at 19:00:29
115 http GET https://registry.npmjs.org/thick
116 http 200 https://registry.npmjs.org/thick
117 error publish fail Cannot publish over existing version.
117 error publish fail Update the 'version' field in package.json and try again.
117 error publish fail
117 error publish fail If the previous version was published in error, see:
117 error publish fail     npm help unpublish
117 error publish fail
117 error publish fail To automatically increment version numbers, see:
117 error publish fail     npm help version
118 error System Linux 3.5.0-25-generic
119 error command "nodejs" "/usr/bin/npm" "publish"
120 error cwd /home/xananax/www/thick/node_modules/thick
121 error node -v v0.8.22
122 error npm -v 1.2.14
123 error code EPUBLISHCONFLICT
124 verbose exit [ 1, true ]
